<?xml version="1.0" encoding="UTF-8"?>
<coverage generated="1676541249307" clover="3.2.0">
  <project timestamp="1676541249307" name="All files">
    <metrics statements="138" coveredstatements="117" conditionals="80" coveredconditionals="67" methods="21" coveredmethods="21" elements="239" coveredelements="205" complexity="0" loc="138" ncloc="138" packages="1" files="2" classes="2"/>
    <file name="routes.js" path="/Users/mattpark/Downloads/HW2_student/server/routes.js">
      <metrics statements="120" coveredstatements="99" conditionals="80" coveredconditionals="67" methods="20" coveredmethods="20"/>
      <line num="1" count="1" type="stmt"/>
      <line num="2" count="1" type="stmt"/>
      <line num="6" count="1" type="stmt"/>
      <line num="13" count="1" type="cond" truecount="1" falsecount="1"/>
      <line num="20" count="1" type="stmt"/>
      <line num="22" count="2" type="stmt"/>
      <line num="23" count="2" type="stmt"/>
      <line num="27" count="2" type="cond" truecount="2" falsecount="0"/>
      <line num="29" count="1" type="stmt"/>
      <line num="30" count="1" type="cond" truecount="1" falsecount="1"/>
      <line num="32" count="1" type="stmt"/>
      <line num="35" count="0" type="stmt"/>
      <line num="40" count="1" type="stmt"/>
      <line num="44" count="1" type="cond" truecount="1" falsecount="1"/>
      <line num="48" count="1" type="stmt"/>
      <line num="55" count="1" type="cond" truecount="3" falsecount="1"/>
      <line num="58" count="0" type="stmt"/>
      <line num="59" count="0" type="stmt"/>
      <line num="65" count="1" type="stmt"/>
      <line num="78" count="1" type="stmt"/>
      <line num="81" count="1" type="stmt"/>
      <line num="83" count="1" type="stmt"/>
      <line num="88" count="1" type="cond" truecount="3" falsecount="1"/>
      <line num="89" count="0" type="stmt"/>
      <line num="90" count="0" type="stmt"/>
      <line num="92" count="1" type="stmt"/>
      <line num="111" count="1" type="stmt"/>
      <line num="113" count="1" type="stmt"/>
      <line num="115" count="1" type="stmt"/>
      <line num="120" count="1" type="cond" truecount="3" falsecount="1"/>
      <line num="121" count="0" type="stmt"/>
      <line num="122" count="0" type="stmt"/>
      <line num="124" count="1" type="stmt"/>
      <line num="135" count="1" type="stmt"/>
      <line num="138" count="1" type="stmt"/>
      <line num="139" count="1" type="stmt"/>
      <line num="141" count="1" type="stmt"/>
      <line num="146" count="1" type="cond" truecount="3" falsecount="1"/>
      <line num="147" count="0" type="stmt"/>
      <line num="148" count="0" type="stmt"/>
      <line num="150" count="1" type="stmt"/>
      <line num="151" count="12" type="stmt"/>
      <line num="157" count="12" type="stmt"/>
      <line num="159" count="1" type="stmt"/>
      <line num="165" count="1" type="stmt"/>
      <line num="167" count="1" type="stmt"/>
      <line num="168" count="1" type="stmt"/>
      <line num="170" count="1" type="stmt"/>
      <line num="176" count="1" type="cond" truecount="3" falsecount="1"/>
      <line num="177" count="0" type="stmt"/>
      <line num="178" count="0" type="stmt"/>
      <line num="180" count="1" type="stmt"/>
      <line num="181" count="17" type="stmt"/>
      <line num="188" count="17" type="stmt"/>
      <line num="190" count="1" type="stmt"/>
      <line num="200" count="1" type="stmt"/>
      <line num="201" count="3" type="stmt"/>
      <line num="202" count="3" type="stmt"/>
      <line num="204" count="3" type="cond" truecount="2" falsecount="0"/>
      <line num="206" count="3" type="cond" truecount="2" falsecount="0"/>
      <line num="208" count="1" type="stmt"/>
      <line num="213" count="1" type="cond" truecount="3" falsecount="1"/>
      <line num="214" count="0" type="stmt"/>
      <line num="215" count="0" type="stmt"/>
      <line num="217" count="1" type="stmt"/>
      <line num="218" count="238" type="stmt"/>
      <line num="225" count="238" type="stmt"/>
      <line num="227" count="1" type="stmt"/>
      <line num="233" count="2" type="stmt"/>
      <line num="240" count="2" type="cond" truecount="3" falsecount="1"/>
      <line num="241" count="0" type="stmt"/>
      <line num="242" count="0" type="stmt"/>
      <line num="244" count="2" type="stmt"/>
      <line num="245" count="13" type="stmt"/>
      <line num="252" count="13" type="stmt"/>
      <line num="254" count="2" type="stmt"/>
      <line num="261" count="1" type="stmt"/>
      <line num="264" count="3" type="stmt"/>
      <line num="265" count="3" type="stmt"/>
      <line num="267" count="3" type="cond" truecount="2" falsecount="0"/>
      <line num="269" count="3" type="cond" truecount="2" falsecount="0"/>
      <line num="271" count="1" type="stmt"/>
      <line num="282" count="1" type="cond" truecount="3" falsecount="1"/>
      <line num="283" count="0" type="stmt"/>
      <line num="284" count="0" type="stmt"/>
      <line num="286" count="1" type="stmt"/>
      <line num="287" count="12" type="stmt"/>
      <line num="292" count="12" type="stmt"/>
      <line num="294" count="1" type="stmt"/>
      <line num="300" count="2" type="stmt"/>
      <line num="313" count="2" type="cond" truecount="3" falsecount="1"/>
      <line num="314" count="0" type="stmt"/>
      <line num="315" count="0" type="stmt"/>
      <line num="317" count="2" type="stmt"/>
      <line num="318" count="3" type="stmt"/>
      <line num="325" count="3" type="stmt"/>
      <line num="327" count="2" type="stmt"/>
      <line num="334" count="1" type="stmt"/>
      <line num="337" count="2" type="stmt"/>
      <line num="338" count="2" type="cond" truecount="2" falsecount="0"/>
      <line num="339" count="2" type="cond" truecount="2" falsecount="0"/>
      <line num="340" count="2" type="cond" truecount="2" falsecount="0"/>
      <line num="341" count="2" type="cond" truecount="2" falsecount="0"/>
      <line num="342" count="2" type="cond" truecount="2" falsecount="0"/>
      <line num="343" count="2" type="cond" truecount="2" falsecount="0"/>
      <line num="344" count="2" type="cond" truecount="2" falsecount="0"/>
      <line num="345" count="2" type="cond" truecount="2" falsecount="0"/>
      <line num="346" count="2" type="cond" truecount="2" falsecount="0"/>
      <line num="347" count="2" type="cond" truecount="2" falsecount="0"/>
      <line num="348" count="2" type="cond" truecount="2" falsecount="0"/>
      <line num="349" count="2" type="cond" truecount="2" falsecount="0"/>
      <line num="351" count="2" type="stmt"/>
      <line num="368" count="2" type="cond" truecount="3" falsecount="1"/>
      <line num="369" count="0" type="stmt"/>
      <line num="370" count="0" type="stmt"/>
      <line num="372" count="2" type="stmt"/>
      <line num="373" count="224" type="stmt"/>
      <line num="387" count="224" type="stmt"/>
      <line num="389" count="2" type="stmt"/>
      <line num="394" count="1" type="stmt"/>
    </file>
    <file name="server.js" path="/Users/mattpark/Downloads/HW2_student/server/server.js">
      <metrics statements="18" coveredstatements="18" conditionals="0" coveredconditionals="0" methods="1" coveredmethods="1"/>
      <line num="1" count="1" type="stmt"/>
      <line num="2" count="1" type="stmt"/>
      <line num="3" count="1" type="stmt"/>
      <line num="4" count="1" type="stmt"/>
      <line num="6" count="1" type="stmt"/>
      <line num="7" count="1" type="stmt"/>
      <line num="13" count="1" type="stmt"/>
      <line num="14" count="1" type="stmt"/>
      <line num="15" count="1" type="stmt"/>
      <line num="16" count="1" type="stmt"/>
      <line num="17" count="1" type="stmt"/>
      <line num="18" count="1" type="stmt"/>
      <line num="19" count="1" type="stmt"/>
      <line num="20" count="1" type="stmt"/>
      <line num="21" count="1" type="stmt"/>
      <line num="23" count="1" type="stmt"/>
      <line num="24" count="1" type="stmt"/>
      <line num="27" count="1" type="stmt"/>
    </file>
  </project>
</coverage>
