{"/Users/mattpark/Downloads/HW2_student/server/routes.js": {"path":"/Users/mattpark/Downloads/HW2_student/server/routes.js","statementMap":{"0":{"start":{"line":1,"column":14},"end":{"line":1,"column":30}},"1":{"start":{"line":2,"column":15},"end":{"line":2,"column":39}},"2":{"start":{"line":6,"column":19},"end":{"line":12,"column":2}},"3":{"start":{"line":13,"column":0},"end":{"line":13,"column":53}},"4":{"start":{"line":13,"column":28},"end":{"line":13,"column":51}},"5":{"start":{"line":20,"column":15},"end":{"line":37,"column":1}},"6":{"start":{"line":22,"column":15},"end":{"line":22,"column":34}},"7":{"start":{"line":23,"column":18},"end":{"line":23,"column":27}},"8":{"start":{"line":27,"column":2},"end":{"line":36,"column":3}},"9":{"start":{"line":29,"column":4},"end":{"line":29,"column":35}},"10":{"start":{"line":30,"column":9},"end":{"line":36,"column":3}},"11":{"start":{"line":32,"column":4},"end":{"line":32,"column":38}},"12":{"start":{"line":35,"column":4},"end":{"line":35,"column":115}},"13":{"start":{"line":40,"column":15},"end":{"line":71,"column":1}},"14":{"start":{"line":44,"column":19},"end":{"line":44,"column":56}},"15":{"start":{"line":48,"column":2},"end":{"line":70,"column":5}},"16":{"start":{"line":55,"column":4},"end":{"line":69,"column":5}},"17":{"start":{"line":58,"column":6},"end":{"line":58,"column":23}},"18":{"start":{"line":59,"column":6},"end":{"line":59,"column":19}},"19":{"start":{"line":65,"column":6},"end":{"line":68,"column":9}},"20":{"start":{"line":78,"column":13},"end":{"line":108,"column":1}},"21":{"start":{"line":81,"column":17},"end":{"line":81,"column":35}},"22":{"start":{"line":83,"column":2},"end":{"line":107,"column":5}},"23":{"start":{"line":88,"column":4},"end":{"line":106,"column":5}},"24":{"start":{"line":89,"column":6},"end":{"line":89,"column":23}},"25":{"start":{"line":90,"column":6},"end":{"line":90,"column":19}},"26":{"start":{"line":92,"column":6},"end":{"line":105,"column":9}},"27":{"start":{"line":111,"column":14},"end":{"line":132,"column":1}},"28":{"start":{"line":113,"column":18},"end":{"line":113,"column":37}},"29":{"start":{"line":115,"column":2},"end":{"line":131,"column":5}},"30":{"start":{"line":120,"column":4},"end":{"line":130,"column":5}},"31":{"start":{"line":121,"column":6},"end":{"line":121,"column":23}},"32":{"start":{"line":122,"column":6},"end":{"line":122,"column":19}},"33":{"start":{"line":124,"column":6},"end":{"line":129,"column":9}},"34":{"start":{"line":135,"column":15},"end":{"line":162,"column":1}},"35":{"start":{"line":138,"column":18},"end":{"line":138,"column":37}},"36":{"start":{"line":139,"column":20},"end":{"line":139,"column":22}},"37":{"start":{"line":141,"column":2},"end":{"line":161,"column":5}},"38":{"start":{"line":146,"column":4},"end":{"line":160,"column":5}},"39":{"start":{"line":147,"column":6},"end":{"line":147,"column":23}},"40":{"start":{"line":148,"column":6},"end":{"line":148,"column":19}},"41":{"start":{"line":150,"column":6},"end":{"line":158,"column":7}},"42":{"start":{"line":150,"column":18},"end":{"line":150,"column":19}},"43":{"start":{"line":151,"column":18},"end":{"line":156,"column":9}},"44":{"start":{"line":157,"column":8},"end":{"line":157,"column":28}},"45":{"start":{"line":159,"column":6},"end":{"line":159,"column":26}},"46":{"start":{"line":165,"column":20},"end":{"line":193,"column":1}},"47":{"start":{"line":167,"column":18},"end":{"line":167,"column":37}},"48":{"start":{"line":168,"column":19},"end":{"line":168,"column":21}},"49":{"start":{"line":170,"column":2},"end":{"line":192,"column":5}},"50":{"start":{"line":176,"column":4},"end":{"line":191,"column":5}},"51":{"start":{"line":177,"column":6},"end":{"line":177,"column":23}},"52":{"start":{"line":178,"column":6},"end":{"line":178,"column":19}},"53":{"start":{"line":180,"column":6},"end":{"line":189,"column":7}},"54":{"start":{"line":180,"column":18},"end":{"line":180,"column":19}},"55":{"start":{"line":181,"column":18},"end":{"line":187,"column":9}},"56":{"start":{"line":188,"column":8},"end":{"line":188,"column":27}},"57":{"start":{"line":190,"column":6},"end":{"line":190,"column":25}},"58":{"start":{"line":200,"column":18},"end":{"line":258,"column":1}},"59":{"start":{"line":201,"column":15},"end":{"line":201,"column":29}},"60":{"start":{"line":202,"column":19},"end":{"line":202,"column":21}},"61":{"start":{"line":204,"column":19},"end":{"line":204,"column":44}},"62":{"start":{"line":206,"column":2},"end":{"line":257,"column":3}},"63":{"start":{"line":208,"column":4},"end":{"line":229,"column":7}},"64":{"start":{"line":213,"column":6},"end":{"line":228,"column":7}},"65":{"start":{"line":214,"column":8},"end":{"line":214,"column":25}},"66":{"start":{"line":215,"column":8},"end":{"line":215,"column":21}},"67":{"start":{"line":217,"column":8},"end":{"line":226,"column":9}},"68":{"start":{"line":217,"column":20},"end":{"line":217,"column":21}},"69":{"start":{"line":218,"column":20},"end":{"line":224,"column":11}},"70":{"start":{"line":225,"column":10},"end":{"line":225,"column":29}},"71":{"start":{"line":227,"column":8},"end":{"line":227,"column":27}},"72":{"start":{"line":233,"column":4},"end":{"line":256,"column":7}},"73":{"start":{"line":240,"column":6},"end":{"line":255,"column":7}},"74":{"start":{"line":241,"column":8},"end":{"line":241,"column":25}},"75":{"start":{"line":242,"column":8},"end":{"line":242,"column":21}},"76":{"start":{"line":244,"column":8},"end":{"line":253,"column":9}},"77":{"start":{"line":244,"column":20},"end":{"line":244,"column":21}},"78":{"start":{"line":245,"column":20},"end":{"line":251,"column":11}},"79":{"start":{"line":252,"column":10},"end":{"line":252,"column":29}},"80":{"start":{"line":254,"column":8},"end":{"line":254,"column":27}},"81":{"start":{"line":261,"column":19},"end":{"line":331,"column":1}},"82":{"start":{"line":264,"column":15},"end":{"line":264,"column":29}},"83":{"start":{"line":265,"column":20},"end":{"line":265,"column":22}},"84":{"start":{"line":267,"column":19},"end":{"line":267,"column":44}},"85":{"start":{"line":269,"column":2},"end":{"line":330,"column":3}},"86":{"start":{"line":271,"column":4},"end":{"line":296,"column":7}},"87":{"start":{"line":282,"column":6},"end":{"line":295,"column":7}},"88":{"start":{"line":283,"column":8},"end":{"line":283,"column":25}},"89":{"start":{"line":284,"column":8},"end":{"line":284,"column":21}},"90":{"start":{"line":286,"column":8},"end":{"line":293,"column":9}},"91":{"start":{"line":286,"column":20},"end":{"line":286,"column":21}},"92":{"start":{"line":287,"column":20},"end":{"line":291,"column":11}},"93":{"start":{"line":292,"column":10},"end":{"line":292,"column":30}},"94":{"start":{"line":294,"column":8},"end":{"line":294,"column":28}},"95":{"start":{"line":300,"column":4},"end":{"line":329,"column":7}},"96":{"start":{"line":313,"column":6},"end":{"line":328,"column":7}},"97":{"start":{"line":314,"column":8},"end":{"line":314,"column":25}},"98":{"start":{"line":315,"column":8},"end":{"line":315,"column":21}},"99":{"start":{"line":317,"column":8},"end":{"line":326,"column":9}},"100":{"start":{"line":317,"column":20},"end":{"line":317,"column":21}},"101":{"start":{"line":318,"column":20},"end":{"line":324,"column":11}},"102":{"start":{"line":325,"column":10},"end":{"line":325,"column":30}},"103":{"start":{"line":327,"column":8},"end":{"line":327,"column":28}},"104":{"start":{"line":334,"column":21},"end":{"line":392,"column":1}},"105":{"start":{"line":337,"column":19},"end":{"line":337,"column":21}},"106":{"start":{"line":338,"column":16},"end":{"line":338,"column":37}},"107":{"start":{"line":339,"column":22},"end":{"line":339,"column":50}},"108":{"start":{"line":340,"column":23},"end":{"line":340,"column":53}},"109":{"start":{"line":341,"column":20},"end":{"line":341,"column":44}},"110":{"start":{"line":342,"column":21},"end":{"line":342,"column":55}},"111":{"start":{"line":343,"column":27},"end":{"line":343,"column":58}},"112":{"start":{"line":344,"column":28},"end":{"line":344,"column":60}},"113":{"start":{"line":345,"column":21},"end":{"line":345,"column":46}},"114":{"start":{"line":346,"column":22},"end":{"line":346,"column":48}},"115":{"start":{"line":347,"column":22},"end":{"line":347,"column":48}},"116":{"start":{"line":348,"column":23},"end":{"line":348,"column":50}},"117":{"start":{"line":349,"column":19},"end":{"line":349,"column":43}},"118":{"start":{"line":351,"column":2},"end":{"line":391,"column":5}},"119":{"start":{"line":368,"column":4},"end":{"line":390,"column":5}},"120":{"start":{"line":369,"column":6},"end":{"line":369,"column":23}},"121":{"start":{"line":370,"column":6},"end":{"line":370,"column":19}},"122":{"start":{"line":372,"column":6},"end":{"line":388,"column":7}},"123":{"start":{"line":372,"column":18},"end":{"line":372,"column":19}},"124":{"start":{"line":373,"column":18},"end":{"line":386,"column":9}},"125":{"start":{"line":387,"column":8},"end":{"line":387,"column":27}},"126":{"start":{"line":389,"column":6},"end":{"line":389,"column":25}},"127":{"start":{"line":394,"column":0},"end":{"line":404,"column":1}}},"fnMap":{"0":{"name":"(anonymous_0)","decl":{"start":{"line":13,"column":19},"end":{"line":13,"column":20}},"loc":{"start":{"line":13,"column":28},"end":{"line":13,"column":51}},"line":13},"1":{"name":"(anonymous_1)","decl":{"start":{"line":20,"column":15},"end":{"line":20,"column":16}},"loc":{"start":{"line":20,"column":40},"end":{"line":37,"column":1}},"line":20},"2":{"name":"(anonymous_2)","decl":{"start":{"line":40,"column":15},"end":{"line":40,"column":16}},"loc":{"start":{"line":40,"column":40},"end":{"line":71,"column":1}},"line":40},"3":{"name":"(anonymous_3)","decl":{"start":{"line":54,"column":5},"end":{"line":54,"column":6}},"loc":{"start":{"line":54,"column":20},"end":{"line":70,"column":3}},"line":54},"4":{"name":"(anonymous_4)","decl":{"start":{"line":78,"column":13},"end":{"line":78,"column":14}},"loc":{"start":{"line":78,"column":38},"end":{"line":108,"column":1}},"line":78},"5":{"name":"(anonymous_5)","decl":{"start":{"line":87,"column":7},"end":{"line":87,"column":8}},"loc":{"start":{"line":87,"column":22},"end":{"line":107,"column":3}},"line":87},"6":{"name":"(anonymous_6)","decl":{"start":{"line":111,"column":14},"end":{"line":111,"column":15}},"loc":{"start":{"line":111,"column":39},"end":{"line":132,"column":1}},"line":111},"7":{"name":"(anonymous_7)","decl":{"start":{"line":119,"column":7},"end":{"line":119,"column":8}},"loc":{"start":{"line":119,"column":22},"end":{"line":131,"column":3}},"line":119},"8":{"name":"(anonymous_8)","decl":{"start":{"line":135,"column":15},"end":{"line":135,"column":16}},"loc":{"start":{"line":135,"column":40},"end":{"line":162,"column":1}},"line":135},"9":{"name":"(anonymous_9)","decl":{"start":{"line":145,"column":7},"end":{"line":145,"column":8}},"loc":{"start":{"line":145,"column":22},"end":{"line":161,"column":3}},"line":145},"10":{"name":"(anonymous_10)","decl":{"start":{"line":165,"column":20},"end":{"line":165,"column":21}},"loc":{"start":{"line":165,"column":45},"end":{"line":193,"column":1}},"line":165},"11":{"name":"(anonymous_11)","decl":{"start":{"line":175,"column":7},"end":{"line":175,"column":8}},"loc":{"start":{"line":175,"column":22},"end":{"line":192,"column":3}},"line":175},"12":{"name":"(anonymous_12)","decl":{"start":{"line":200,"column":18},"end":{"line":200,"column":19}},"loc":{"start":{"line":200,"column":43},"end":{"line":258,"column":1}},"line":200},"13":{"name":"(anonymous_13)","decl":{"start":{"line":212,"column":9},"end":{"line":212,"column":10}},"loc":{"start":{"line":212,"column":24},"end":{"line":229,"column":5}},"line":212},"14":{"name":"(anonymous_14)","decl":{"start":{"line":239,"column":9},"end":{"line":239,"column":10}},"loc":{"start":{"line":239,"column":24},"end":{"line":256,"column":5}},"line":239},"15":{"name":"(anonymous_15)","decl":{"start":{"line":261,"column":19},"end":{"line":261,"column":20}},"loc":{"start":{"line":261,"column":44},"end":{"line":331,"column":1}},"line":261},"16":{"name":"(anonymous_16)","decl":{"start":{"line":281,"column":9},"end":{"line":281,"column":10}},"loc":{"start":{"line":281,"column":24},"end":{"line":296,"column":5}},"line":281},"17":{"name":"(anonymous_17)","decl":{"start":{"line":312,"column":9},"end":{"line":312,"column":10}},"loc":{"start":{"line":312,"column":24},"end":{"line":329,"column":5}},"line":312},"18":{"name":"(anonymous_18)","decl":{"start":{"line":334,"column":21},"end":{"line":334,"column":22}},"loc":{"start":{"line":334,"column":46},"end":{"line":392,"column":1}},"line":334},"19":{"name":"(anonymous_19)","decl":{"start":{"line":367,"column":7},"end":{"line":367,"column":8}},"loc":{"start":{"line":367,"column":22},"end":{"line":391,"column":3}},"line":367}},"branchMap":{"0":{"loc":{"start":{"line":13,"column":28},"end":{"line":13,"column":51}},"type":"binary-expr","locations":[{"start":{"line":13,"column":28},"end":{"line":13,"column":31}},{"start":{"line":13,"column":35},"end":{"line":13,"column":51}}],"line":13},"1":{"loc":{"start":{"line":27,"column":2},"end":{"line":36,"column":3}},"type":"if","locations":[{"start":{"line":27,"column":2},"end":{"line":36,"column":3}},{"start":{"line":30,"column":9},"end":{"line":36,"column":3}}],"line":27},"2":{"loc":{"start":{"line":30,"column":9},"end":{"line":36,"column":3}},"type":"if","locations":[{"start":{"line":30,"column":9},"end":{"line":36,"column":3}},{"start":{"line":33,"column":9},"end":{"line":36,"column":3}}],"line":30},"3":{"loc":{"start":{"line":44,"column":19},"end":{"line":44,"column":56}},"type":"cond-expr","locations":[{"start":{"line":44,"column":51},"end":{"line":44,"column":52}},{"start":{"line":44,"column":55},"end":{"line":44,"column":56}}],"line":44},"4":{"loc":{"start":{"line":55,"column":4},"end":{"line":69,"column":5}},"type":"if","locations":[{"start":{"line":55,"column":4},"end":{"line":69,"column":5}},{"start":{"line":60,"column":11},"end":{"line":69,"column":5}}],"line":55},"5":{"loc":{"start":{"line":55,"column":8},"end":{"line":55,"column":32}},"type":"binary-expr","locations":[{"start":{"line":55,"column":8},"end":{"line":55,"column":11}},{"start":{"line":55,"column":15},"end":{"line":55,"column":32}}],"line":55},"6":{"loc":{"start":{"line":88,"column":4},"end":{"line":106,"column":5}},"type":"if","locations":[{"start":{"line":88,"column":4},"end":{"line":106,"column":5}},{"start":{"line":91,"column":11},"end":{"line":106,"column":5}}],"line":88},"7":{"loc":{"start":{"line":88,"column":8},"end":{"line":88,"column":32}},"type":"binary-expr","locations":[{"start":{"line":88,"column":8},"end":{"line":88,"column":11}},{"start":{"line":88,"column":15},"end":{"line":88,"column":32}}],"line":88},"8":{"loc":{"start":{"line":120,"column":4},"end":{"line":130,"column":5}},"type":"if","locations":[{"start":{"line":120,"column":4},"end":{"line":130,"column":5}},{"start":{"line":123,"column":11},"end":{"line":130,"column":5}}],"line":120},"9":{"loc":{"start":{"line":120,"column":8},"end":{"line":120,"column":32}},"type":"binary-expr","locations":[{"start":{"line":120,"column":8},"end":{"line":120,"column":11}},{"start":{"line":120,"column":15},"end":{"line":120,"column":32}}],"line":120},"10":{"loc":{"start":{"line":146,"column":4},"end":{"line":160,"column":5}},"type":"if","locations":[{"start":{"line":146,"column":4},"end":{"line":160,"column":5}},{"start":{"line":149,"column":11},"end":{"line":160,"column":5}}],"line":146},"11":{"loc":{"start":{"line":146,"column":8},"end":{"line":146,"column":32}},"type":"binary-expr","locations":[{"start":{"line":146,"column":8},"end":{"line":146,"column":11}},{"start":{"line":146,"column":15},"end":{"line":146,"column":32}}],"line":146},"12":{"loc":{"start":{"line":176,"column":4},"end":{"line":191,"column":5}},"type":"if","locations":[{"start":{"line":176,"column":4},"end":{"line":191,"column":5}},{"start":{"line":179,"column":11},"end":{"line":191,"column":5}}],"line":176},"13":{"loc":{"start":{"line":176,"column":8},"end":{"line":176,"column":32}},"type":"binary-expr","locations":[{"start":{"line":176,"column":8},"end":{"line":176,"column":11}},{"start":{"line":176,"column":15},"end":{"line":176,"column":32}}],"line":176},"14":{"loc":{"start":{"line":204,"column":19},"end":{"line":204,"column":44}},"type":"binary-expr","locations":[{"start":{"line":204,"column":19},"end":{"line":204,"column":38}},{"start":{"line":204,"column":42},"end":{"line":204,"column":44}}],"line":204},"15":{"loc":{"start":{"line":206,"column":2},"end":{"line":257,"column":3}},"type":"if","locations":[{"start":{"line":206,"column":2},"end":{"line":257,"column":3}},{"start":{"line":230,"column":9},"end":{"line":257,"column":3}}],"line":206},"16":{"loc":{"start":{"line":213,"column":6},"end":{"line":228,"column":7}},"type":"if","locations":[{"start":{"line":213,"column":6},"end":{"line":228,"column":7}},{"start":{"line":216,"column":13},"end":{"line":228,"column":7}}],"line":213},"17":{"loc":{"start":{"line":213,"column":10},"end":{"line":213,"column":34}},"type":"binary-expr","locations":[{"start":{"line":213,"column":10},"end":{"line":213,"column":13}},{"start":{"line":213,"column":17},"end":{"line":213,"column":34}}],"line":213},"18":{"loc":{"start":{"line":240,"column":6},"end":{"line":255,"column":7}},"type":"if","locations":[{"start":{"line":240,"column":6},"end":{"line":255,"column":7}},{"start":{"line":243,"column":13},"end":{"line":255,"column":7}}],"line":240},"19":{"loc":{"start":{"line":240,"column":10},"end":{"line":240,"column":34}},"type":"binary-expr","locations":[{"start":{"line":240,"column":10},"end":{"line":240,"column":13}},{"start":{"line":240,"column":17},"end":{"line":240,"column":34}}],"line":240},"20":{"loc":{"start":{"line":267,"column":19},"end":{"line":267,"column":44}},"type":"binary-expr","locations":[{"start":{"line":267,"column":19},"end":{"line":267,"column":38}},{"start":{"line":267,"column":42},"end":{"line":267,"column":44}}],"line":267},"21":{"loc":{"start":{"line":269,"column":2},"end":{"line":330,"column":3}},"type":"if","locations":[{"start":{"line":269,"column":2},"end":{"line":330,"column":3}},{"start":{"line":297,"column":9},"end":{"line":330,"column":3}}],"line":269},"22":{"loc":{"start":{"line":282,"column":6},"end":{"line":295,"column":7}},"type":"if","locations":[{"start":{"line":282,"column":6},"end":{"line":295,"column":7}},{"start":{"line":285,"column":13},"end":{"line":295,"column":7}}],"line":282},"23":{"loc":{"start":{"line":282,"column":10},"end":{"line":282,"column":34}},"type":"binary-expr","locations":[{"start":{"line":282,"column":10},"end":{"line":282,"column":13}},{"start":{"line":282,"column":17},"end":{"line":282,"column":34}}],"line":282},"24":{"loc":{"start":{"line":313,"column":6},"end":{"line":328,"column":7}},"type":"if","locations":[{"start":{"line":313,"column":6},"end":{"line":328,"column":7}},{"start":{"line":316,"column":13},"end":{"line":328,"column":7}}],"line":313},"25":{"loc":{"start":{"line":313,"column":10},"end":{"line":313,"column":34}},"type":"binary-expr","locations":[{"start":{"line":313,"column":10},"end":{"line":313,"column":13}},{"start":{"line":313,"column":17},"end":{"line":313,"column":34}}],"line":313},"26":{"loc":{"start":{"line":338,"column":16},"end":{"line":338,"column":37}},"type":"binary-expr","locations":[{"start":{"line":338,"column":16},"end":{"line":338,"column":31}},{"start":{"line":338,"column":35},"end":{"line":338,"column":37}}],"line":338},"27":{"loc":{"start":{"line":339,"column":22},"end":{"line":339,"column":50}},"type":"binary-expr","locations":[{"start":{"line":339,"column":22},"end":{"line":339,"column":44}},{"start":{"line":339,"column":48},"end":{"line":339,"column":50}}],"line":339},"28":{"loc":{"start":{"line":340,"column":23},"end":{"line":340,"column":53}},"type":"binary-expr","locations":[{"start":{"line":340,"column":23},"end":{"line":340,"column":46}},{"start":{"line":340,"column":50},"end":{"line":340,"column":53}}],"line":340},"29":{"loc":{"start":{"line":341,"column":20},"end":{"line":341,"column":44}},"type":"binary-expr","locations":[{"start":{"line":341,"column":20},"end":{"line":341,"column":39}},{"start":{"line":341,"column":43},"end":{"line":341,"column":44}}],"line":341},"30":{"loc":{"start":{"line":342,"column":21},"end":{"line":342,"column":55}},"type":"binary-expr","locations":[{"start":{"line":342,"column":21},"end":{"line":342,"column":41}},{"start":{"line":342,"column":45},"end":{"line":342,"column":55}}],"line":342},"31":{"loc":{"start":{"line":343,"column":27},"end":{"line":343,"column":58}},"type":"binary-expr","locations":[{"start":{"line":343,"column":27},"end":{"line":343,"column":53}},{"start":{"line":343,"column":57},"end":{"line":343,"column":58}}],"line":343},"32":{"loc":{"start":{"line":344,"column":28},"end":{"line":344,"column":60}},"type":"binary-expr","locations":[{"start":{"line":344,"column":28},"end":{"line":344,"column":55}},{"start":{"line":344,"column":59},"end":{"line":344,"column":60}}],"line":344},"33":{"loc":{"start":{"line":345,"column":21},"end":{"line":345,"column":46}},"type":"binary-expr","locations":[{"start":{"line":345,"column":21},"end":{"line":345,"column":41}},{"start":{"line":345,"column":45},"end":{"line":345,"column":46}}],"line":345},"34":{"loc":{"start":{"line":346,"column":22},"end":{"line":346,"column":48}},"type":"binary-expr","locations":[{"start":{"line":346,"column":22},"end":{"line":346,"column":43}},{"start":{"line":346,"column":47},"end":{"line":346,"column":48}}],"line":346},"35":{"loc":{"start":{"line":347,"column":22},"end":{"line":347,"column":48}},"type":"binary-expr","locations":[{"start":{"line":347,"column":22},"end":{"line":347,"column":43}},{"start":{"line":347,"column":47},"end":{"line":347,"column":48}}],"line":347},"36":{"loc":{"start":{"line":348,"column":23},"end":{"line":348,"column":50}},"type":"binary-expr","locations":[{"start":{"line":348,"column":23},"end":{"line":348,"column":45}},{"start":{"line":348,"column":49},"end":{"line":348,"column":50}}],"line":348},"37":{"loc":{"start":{"line":349,"column":19},"end":{"line":349,"column":43}},"type":"binary-expr","locations":[{"start":{"line":349,"column":19},"end":{"line":349,"column":37}},{"start":{"line":349,"column":41},"end":{"line":349,"column":43}}],"line":349},"38":{"loc":{"start":{"line":368,"column":4},"end":{"line":390,"column":5}},"type":"if","locations":[{"start":{"line":368,"column":4},"end":{"line":390,"column":5}},{"start":{"line":371,"column":11},"end":{"line":390,"column":5}}],"line":368},"39":{"loc":{"start":{"line":368,"column":8},"end":{"line":368,"column":32}},"type":"binary-expr","locations":[{"start":{"line":368,"column":8},"end":{"line":368,"column":11}},{"start":{"line":368,"column":15},"end":{"line":368,"column":32}}],"line":368}},"s":{"0":1,"1":1,"2":1,"3":1,"4":1,"5":1,"6":2,"7":2,"8":2,"9":1,"10":1,"11":1,"12":0,"13":1,"14":1,"15":1,"16":1,"17":0,"18":0,"19":1,"20":1,"21":1,"22":1,"23":1,"24":0,"25":0,"26":1,"27":1,"28":1,"29":1,"30":1,"31":0,"32":0,"33":1,"34":1,"35":1,"36":1,"37":1,"38":1,"39":0,"40":0,"41":1,"42":1,"43":12,"44":12,"45":1,"46":1,"47":1,"48":1,"49":1,"50":1,"51":0,"52":0,"53":1,"54":1,"55":17,"56":17,"57":1,"58":1,"59":3,"60":3,"61":3,"62":3,"63":1,"64":1,"65":0,"66":0,"67":1,"68":1,"69":238,"70":238,"71":1,"72":2,"73":2,"74":0,"75":0,"76":2,"77":2,"78":13,"79":13,"80":2,"81":1,"82":3,"83":3,"84":3,"85":3,"86":1,"87":1,"88":0,"89":0,"90":1,"91":1,"92":12,"93":12,"94":1,"95":2,"96":2,"97":0,"98":0,"99":2,"100":2,"101":3,"102":3,"103":2,"104":1,"105":2,"106":2,"107":2,"108":2,"109":2,"110":2,"111":2,"112":2,"113":2,"114":2,"115":2,"116":2,"117":2,"118":2,"119":2,"120":0,"121":0,"122":2,"123":2,"124":224,"125":224,"126":2,"127":1},"f":{"0":1,"1":2,"2":1,"3":1,"4":1,"5":1,"6":1,"7":1,"8":1,"9":1,"10":1,"11":1,"12":3,"13":1,"14":2,"15":3,"16":1,"17":2,"18":2,"19":2},"b":{"0":[1,0],"1":[1,1],"2":[1,0],"3":[0,1],"4":[0,1],"5":[1,1],"6":[0,1],"7":[1,1],"8":[0,1],"9":[1,1],"10":[0,1],"11":[1,1],"12":[0,1],"13":[1,1],"14":[3,2],"15":[1,2],"16":[0,1],"17":[1,1],"18":[0,2],"19":[2,2],"20":[3,2],"21":[1,2],"22":[0,1],"23":[1,1],"24":[0,2],"25":[2,2],"26":[2,1],"27":[2,2],"28":[2,2],"29":[2,2],"30":[2,2],"31":[2,2],"32":[2,2],"33":[2,1],"34":[2,2],"35":[2,1],"36":[2,1],"37":[2,1],"38":[0,2],"39":[2,2]},"_coverageSchema":"1a1c01bbd47fc00a2c39e90264f33305004495a9","hash":"333e209c93a191c0299ea030720660fbf930b21a"}
,"/Users/mattpark/Downloads/HW2_student/server/server.js": {"path":"/Users/mattpark/Downloads/HW2_student/server/server.js","statementMap":{"0":{"start":{"line":1,"column":16},"end":{"line":1,"column":34}},"1":{"start":{"line":2,"column":13},"end":{"line":2,"column":28}},"2":{"start":{"line":3,"column":15},"end":{"line":3,"column":34}},"3":{"start":{"line":4,"column":15},"end":{"line":4,"column":34}},"4":{"start":{"line":6,"column":12},"end":{"line":6,"column":21}},"5":{"start":{"line":7,"column":0},"end":{"line":9,"column":4}},"6":{"start":{"line":13,"column":0},"end":{"line":13,"column":40}},"7":{"start":{"line":14,"column":0},"end":{"line":14,"column":34}},"8":{"start":{"line":15,"column":0},"end":{"line":15,"column":39}},"9":{"start":{"line":16,"column":0},"end":{"line":16,"column":42}},"10":{"start":{"line":17,"column":0},"end":{"line":17,"column":34}},"11":{"start":{"line":18,"column":0},"end":{"line":18,"column":54}},"12":{"start":{"line":19,"column":0},"end":{"line":19,"column":40}},"13":{"start":{"line":20,"column":0},"end":{"line":20,"column":42}},"14":{"start":{"line":21,"column":0},"end":{"line":21,"column":46}},"15":{"start":{"line":23,"column":0},"end":{"line":25,"column":3}},"16":{"start":{"line":24,"column":2},"end":{"line":24,"column":86}},"17":{"start":{"line":27,"column":0},"end":{"line":27,"column":21}}},"fnMap":{"0":{"name":"(anonymous_0)","decl":{"start":{"line":23,"column":31},"end":{"line":23,"column":32}},"loc":{"start":{"line":23,"column":37},"end":{"line":25,"column":1}},"line":23}},"branchMap":{},"s":{"0":1,"1":1,"2":1,"3":1,"4":1,"5":1,"6":1,"7":1,"8":1,"9":1,"10":1,"11":1,"12":1,"13":1,"14":1,"15":1,"16":1,"17":1},"f":{"0":1},"b":{},"_coverageSchema":"1a1c01bbd47fc00a2c39e90264f33305004495a9","hash":"6c7bd1ef46d4ed6dd1e152c744889cf0be908313"}
}
