TN:
SF:routes.js
FN:13,(anonymous_0)
FN:20,(anonymous_1)
FN:40,(anonymous_2)
FN:54,(anonymous_3)
FN:78,(anonymous_4)
FN:87,(anonymous_5)
FN:111,(anonymous_6)
FN:119,(anonymous_7)
FN:135,(anonymous_8)
FN:145,(anonymous_9)
FN:165,(anonymous_10)
FN:175,(anonymous_11)
FN:200,(anonymous_12)
FN:212,(anonymous_13)
FN:239,(anonymous_14)
FN:261,(anonymous_15)
FN:281,(anonymous_16)
FN:312,(anonymous_17)
FN:334,(anonymous_18)
FN:367,(anonymous_19)
FNF:20
FNH:20
FNDA:1,(anonymous_0)
FNDA:2,(anonymous_1)
FNDA:1,(anonymous_2)
FNDA:1,(anonymous_3)
FNDA:1,(anonymous_4)
FNDA:1,(anonymous_5)
FNDA:1,(anonymous_6)
FNDA:1,(anonymous_7)
FNDA:1,(anonymous_8)
FNDA:1,(anonymous_9)
FNDA:1,(anonymous_10)
FNDA:1,(anonymous_11)
FNDA:3,(anonymous_12)
FNDA:1,(anonymous_13)
FNDA:2,(anonymous_14)
FNDA:3,(anonymous_15)
FNDA:1,(anonymous_16)
FNDA:2,(anonymous_17)
FNDA:2,(anonymous_18)
FNDA:2,(anonymous_19)
DA:1,1
DA:2,1
DA:6,1
DA:13,1
DA:20,1
DA:22,2
DA:23,2
DA:27,2
DA:29,1
DA:30,1
DA:32,1
DA:35,0
DA:40,1
DA:44,1
DA:48,1
DA:55,1
DA:58,0
DA:59,0
DA:65,1
DA:78,1
DA:81,1
DA:83,1
DA:88,1
DA:89,0
DA:90,0
DA:92,1
DA:111,1
DA:113,1
DA:115,1
DA:120,1
DA:121,0
DA:122,0
DA:124,1
DA:135,1
DA:138,1
DA:139,1
DA:141,1
DA:146,1
DA:147,0
DA:148,0
DA:150,1
DA:151,12
DA:157,12
DA:159,1
DA:165,1
DA:167,1
DA:168,1
DA:170,1
DA:176,1
DA:177,0
DA:178,0
DA:180,1
DA:181,17
DA:188,17
DA:190,1
DA:200,1
DA:201,3
DA:202,3
DA:204,3
DA:206,3
DA:208,1
DA:213,1
DA:214,0
DA:215,0
DA:217,1
DA:218,238
DA:225,238
DA:227,1
DA:233,2
DA:240,2
DA:241,0
DA:242,0
DA:244,2
DA:245,13
DA:252,13
DA:254,2
DA:261,1
DA:264,3
DA:265,3
DA:267,3
DA:269,3
DA:271,1
DA:282,1
DA:283,0
DA:284,0
DA:286,1
DA:287,12
DA:292,12
DA:294,1
DA:300,2
DA:313,2
DA:314,0
DA:315,0
DA:317,2
DA:318,3
DA:325,3
DA:327,2
DA:334,1
DA:337,2
DA:338,2
DA:339,2
DA:340,2
DA:341,2
DA:342,2
DA:343,2
DA:344,2
DA:345,2
DA:346,2
DA:347,2
DA:348,2
DA:349,2
DA:351,2
DA:368,2
DA:369,0
DA:370,0
DA:372,2
DA:373,224
DA:387,224
DA:389,2
DA:394,1
LF:120
LH:99
BRDA:13,0,0,1
BRDA:13,0,1,0
BRDA:27,1,0,1
BRDA:27,1,1,1
BRDA:30,2,0,1
BRDA:30,2,1,0
BRDA:44,3,0,0
BRDA:44,3,1,1
BRDA:55,4,0,0
BRDA:55,4,1,1
BRDA:55,5,0,1
BRDA:55,5,1,1
BRDA:88,6,0,0
BRDA:88,6,1,1
BRDA:88,7,0,1
BRDA:88,7,1,1
BRDA:120,8,0,0
BRDA:120,8,1,1
BRDA:120,9,0,1
BRDA:120,9,1,1
BRDA:146,10,0,0
BRDA:146,10,1,1
BRDA:146,11,0,1
BRDA:146,11,1,1
BRDA:176,12,0,0
BRDA:176,12,1,1
BRDA:176,13,0,1
BRDA:176,13,1,1
BRDA:204,14,0,3
BRDA:204,14,1,2
BRDA:206,15,0,1
BRDA:206,15,1,2
BRDA:213,16,0,0
BRDA:213,16,1,1
BRDA:213,17,0,1
BRDA:213,17,1,1
BRDA:240,18,0,0
BRDA:240,18,1,2
BRDA:240,19,0,2
BRDA:240,19,1,2
BRDA:267,20,0,3
BRDA:267,20,1,2
BRDA:269,21,0,1
BRDA:269,21,1,2
BRDA:282,22,0,0
BRDA:282,22,1,1
BRDA:282,23,0,1
BRDA:282,23,1,1
BRDA:313,24,0,0
BRDA:313,24,1,2
BRDA:313,25,0,2
BRDA:313,25,1,2
BRDA:338,26,0,2
BRDA:338,26,1,1
BRDA:339,27,0,2
BRDA:339,27,1,2
BRDA:340,28,0,2
BRDA:340,28,1,2
BRDA:341,29,0,2
BRDA:341,29,1,2
BRDA:342,30,0,2
BRDA:342,30,1,2
BRDA:343,31,0,2
BRDA:343,31,1,2
BRDA:344,32,0,2
BRDA:344,32,1,2
BRDA:345,33,0,2
BRDA:345,33,1,1
BRDA:346,34,0,2
BRDA:346,34,1,2
BRDA:347,35,0,2
BRDA:347,35,1,1
BRDA:348,36,0,2
BRDA:348,36,1,1
BRDA:349,37,0,2
BRDA:349,37,1,1
BRDA:368,38,0,0
BRDA:368,38,1,2
BRDA:368,39,0,2
BRDA:368,39,1,2
BRF:80
BRH:67
end_of_record
TN:
SF:server.js
FN:23,(anonymous_0)
FNF:1
FNH:1
FNDA:1,(anonymous_0)
DA:1,1
DA:2,1
DA:3,1
DA:4,1
DA:6,1
DA:7,1
DA:13,1
DA:14,1
DA:15,1
DA:16,1
DA:17,1
DA:18,1
DA:19,1
DA:20,1
DA:21,1
DA:23,1
DA:24,1
DA:27,1
LF:18
LH:18
BRF:0
BRH:0
end_of_record
